http://3dpchip.com/3dp/chip.php?driver=dp_bench
http://acoms1.kisti.re.kr/kips/index.jsp?publisher_cd=%20kips&cid=&cid_year=2006&cid_seq=A&lang=kor
http://acoms1.kisti.re.kr/kips/manager.jsp?publisher_cd=kips&cid_year=null&cid_seq=null&lang=kor&menu=1
http://alienkim.tistory.com/2
http://apple.com/
http://beautyhankook.wowtv.co.kr/news/articleView.html?idxno=34964
http://bench.3dpchip.com/translate/
http://blog.daum.net/cefotaxime/22
http://bugs.python.org/issue23246
http://bugs.python.org/issue23246
http://changkr28.tistory.com/entry/python-setuppy-%EC%8B%A4%ED%96%89%EC%8B%9C-vcvarsallbat-%EA%B4%80%EB%A0%A8-%EC%97%90%EB%9F%AC
http://clien.net/
http://e5.onthehub.com/d.ashx?s=mop5y8mrgw
http://e5.onthehub.com/d.ashx?s=ppxrif8etb
http://e5.onthehub.com/WebStore/Account/SdmDownload.aspx?o=df95b18d-57d3-e411-940a-b8ca3a5db7a1&ws=8b74f1ab-9c11-e311-93f3-b8ca3a5db7a1&uid=14af2d3f-bd1e-e311-93f4-b8ca3a5db7a1
http://egloos.zum.com/nullmodel/v/3812320
http://forum.jetbrains.com/thread/PyCharm-1740
http://forums.overclockers.ru/viewtopic.php?t=272642
http://game.ioxapp.com/color/?f=fb_app&fb_ref=Default
http://gaming.stackexchange.com/questions/66614/how-can-i-view-my-fps-in-diablo-3
http://get.videolan.org/vlc/2.2.0/win32/vlc-2.2.0-win32.exe
http://go.gomtv.com/rd?link_id=1
http://go.gomtv.com/rd?link_id=1
http://go.microsoft.com/fwlink/?LinkID=219472&clcid=0x409
http://gom.gomtv.com/
http://gom2.gomtv.com/release/gom_player_win8.htm
http://hearthstone-mobile.com/
http://hearthstone-mobile.com/
http://hsohgdrj.blog.me/90191070156
http://huammmm1.tistory.com/386
http://jeonginkyo.blog.me/220319137223
http://leagueoflegends.co.kr/
http://literacy.kent.edu/Minigrants/Cinci/romanchart.htm
http://matplotlib.org/downloads.html
http://matplotlib.org/downloads.html
http://matplotlib.org/downloads.html
http://matplotlib.org/downloads.html
http://mizage.com/divvy/
http://mizage.com/downloads/DivvyMacHelp.pdf
http://mma.go.kr/
http://msdn.microsoft.com/en-us/library/hh506443.aspx
http://msdn.microsoft.com/en-us/library/hh506443.aspx
http://nullmodel.egloos.com/3812320
http://nymissj.blog.me/220197084357
http://oneaday.co.kr/
http://op.gg/
http://parkoz.com/
http://parkoz.com/
http://permadi.com/blog/2011/09/creating-your-first-android-jnindk-project-in-eclipse-with-sequoyah/
http://search.daum.net/search?nil_suggest=btn&w=tot&DA=SBC&q=
http://search.daum.net/search?w=tot&DA=YZR&t__nil_searchbox=btn&sug=&o=&q=%EA%B8%B2%EA%B9%93%EA%B7%BA%EB%A6%B6
http://sindong14.blog.me/220104741165
http://sourceforge.net/projects/matplotlib/?source=typ_redirect
http://sswlab.kw.ac.kr/
http://sswlab.kw.ac.kr/gb4
http://sswlab.kw.ac.kr/gb4/cou_main.html
http://sswlab.kw.ac.kr/gb4/cou_ug.html
http://sswlab.kw.ac.kr/gb4/mem_main.html
http://sswlab.kw.ac.kr/gb4/pub_main.html
http://sswlab.kw.ac.kr/gb4/res_main.html
http://sswlab.kw.ac.kr/gb4/res_main.html
http://stackoverflow.com/a/2676904/1175496
http://stackoverflow.com/questions/11762654/how-to-properly-name-native-functions-when-using-the-ndk
http://stackoverflow.com/questions/13596407/errors-while-building-installing-c-module-for-python-2-7
http://stackoverflow.com/questions/13775022/about-calling-native-method-in-android
http://stackoverflow.com/questions/13988624/android-ndk-problems-with-example-unsatisfiedlinkerror
http://stackoverflow.com/questions/19830942/pip-install-gives-error-unable-to-find-vcvarsall-bat
http://stackoverflow.com/questions/21222458/python-error-importerror-no-module-named-six
http://stackoverflow.com/questions/24380442/getting-error-unable-to-find-vcvarsall-bat-when-running-pip-install-numpy-o
http://stackoverflow.com/questions/2667069/cannot-find-vcvarsall-bat-when-running-a-python-script
http://stackoverflow.com/questions/267399/how-do-you-match-only-valid-roman-numerals-with-a-regular-expression
http://stackoverflow.com/questions/2676763/what-version-of-visual-studio-is-python-on-my-computer-compiled-with/2676904#2676904
http://stackoverflow.com/questions/27727712/how-to-check-if-input-is-a-natural-number-in-python
http://stackoverflow.com/questions/2817869/error-unable-to-find-vcvarsall-bat
http://stackoverflow.com/questions/2817869/error-unable-to-find-vcvarsall-bat
http://stackoverflow.com/questions/8517707/android-ndk-unsatisfiedlinkerror-when-calling-a-native-function-that-resides-in
http://star.mbn.co.kr/view.php?no=302020&year=2015&refer=portal
http://viruslab.tistory.com/4207
http://www.3dpchip.com/driver/mb3_1_1.html
http://www.3dpchip.com/driver/sc53.html
http://www.3dpchip.com/driver/z_bench.html
http://www.3dpchip.com/driver/z_chip.html
http://www.3dpchip.com/driver/z_net.html
http://www.androidpub.com/229382
http://www.androidpub.com/index.php?mid=android_dev_qna&page=160&listStyle=gallery&sort_index=regdate&order_type=asc&category=109120&document_srl=229382
http://www.apple.com/
http://www.apple.com/kr/watch/
http://www.apple.com/kr/watch/gallery/
http://www.asrock.com/mb/Intel/H77%20Pro4MVP/?cat=Download
http://www.asrock.com/mb/Intel/H77%20Pro4MVP/?cat=Download&os=All
http://www.asrock.com/mb/Intel/H77%20Pro4MVP/?cat=Download&os=BIOS
http://www.asrock.com/mb/Intel/H77%20Pro4MVP/?cat=Download&os=Win8a64
http://www.asrock.com/mb/Intel/H77%20Pro4MVP/index.asp?cat=
http://www.asrock.com/mb/overview.asp?Model=H77%20Pro4/MVP
http://www.bandisoft.co.kr/bandicut/
http://www.bandisoft.co.kr/bandizip/
http://www.bandisoft.co.kr/bandizip/ing/
http://www.bandisoft.co.kr/bandizip/thanks/
http://www.bandisoft.co.kr/bandizip/x/
http://www.bandisoft.co.kr/honeyview/
http://www.bandisoft.co.kr/sdk/
http://www.blizzard.com/securityupdate
http://www.convertit.com/Go/ConvertIt/Calculators/Math/Roman_Numerals_Converter.ASP
http://www.convertit.com/Go/ConvertIt/Calculators/Math/Roman_Numerals_Converter.ASP
http://www.cpuid.com/downloads/cpu-z/cpu-z_1.72-en.zip
http://www.cpuid.com/softwares/cpu-z.html
http://www.cyworld.com/
http://www.cyworld.com/cymain/
http://www.cyworld.com/cymain/
http://www.cyworld.com/cymain/?f=cymain
http://www.cyworld.com/cymain/?f=cymain
http://www.cyworld.com/index.aspx
http://www.cyworld.com/index.aspx
http://www.daum.net/
http://www.denny.kr/69
http://www.gammoa.com/movie_view.htm?uid=12576&sb=uid&jr=&page=8
http://www.gammoa.com/movie_view.htm?uid=13223&sb=uid&jr=&page=8
http://www.gammoa.com/movie_view.htm?uid=13226&sb=uid&jr=&page=8
http://www.genesis4.co.kr/
http://www.genesis4.co.kr/resources/common/pop.jsp
http://www.hancom.com/
http://www.inven.co.kr/board/powerbbs.php?come_idx=2716
http://www.isoi.co.kr/?echo_key=10025013
http://www.kandroid.org/ndk/docs/CHANGES.html
http://www.kaspersky.com/product-updates
http://www.kbench.com/?q=node%2F148376
http://www.kiise.or.kr/conference02/
http://www.kiise.or.kr/conference02/
http://www.kiise.or.kr/conference02/cf01/
http://www.kiise.or.kr/conference02/cf01/
http://www.kiise.or.kr/conference02/cf01/index.asp?c_type1=2
http://www.kiise.or.kr/conference02/data/pb/KCC2014.pdf
http://www.kitguru.net/gaming/anton-shilov/directx-12-could-let-all-games-run-at-1080p-on-xbox-one-game-developer/
http://www.kw.ac.kr/
http://www.kw.ac.kr/data_all/img_info/04_communicationmark.jpg
http://www.kw.ac.kr/data_all/img_info/04_communicationmark.jpg
http://www.kw.ac.kr/sub/info/info9_1NP.do
http://www.kyeongin.com/?mod=news&act=articleView&idxno=893702
http://www.leagueoflegends.co.kr/
http://www.lfd.uci.edu/~gohlke/pythonlibs/
http://www.mangoboard.com/
http://www.mangoboard.com/sub.html?ptype=list&code=NVM&ii=7
http://www.mangoboard.com/sub.html?ptype=view&idx=8147&page=1&code=NVM&ii=7
http://www.mangoboard.com/sub.html?ptype=view&idx=8197&page=&code=spc
http://www.mangoboard.com/sub11.html?bbs=Y
http://www.mangoboard.com/sub14.html
http://www.mangoboard.com/sub2.html?ptype=view&prdcode=1501060001&catcode=&page=1
http://www.myrepospace.com/profile/typ0s2d10
http://www.myrepospace.com/profile/typ0s2d10/packages/
http://www.netsarang.co.kr/
http://www.netsarang.co.kr/download/down_xsh.html
http://www.novell.com/documentation/developer/libc/libc_vol2/?page=/documentation/developer/libc/libc_vol2/data/alimsf1.html
http://www.novell.com/documentation/developer/libc/libc_vol2/data/alimsf1.html
http://www.novell.com/documentation/developer/libc/libc_vol2/data/alimsf1.html
http://www.novell.com/documentation/developer/libc/libc_vol2/index.html?page=/documentation/developer/libc/libc_vol2/data/alimsf1.html
http://www.oneaday.co.kr/
http://www.oneaday.co.kr/deal/detail.php?deal=MTA0OTcw
http://www.oneaday.co.kr/Etc/OldGoods/detail.php?prdno=MTA1MTYy
http://www.oneaday.co.kr/Popup/detail_popup.php?src=20150327_104980_h3.jpg
http://www.op.gg/
http://www.op.gg/summoner/?userName=%EC%8F%98%ED%99%98%EC%82%AC
http://www.op.gg/summoner/userName=%EC%8F%98%ED%99%98%EC%82%AC
http://www.parkoz.com/?sub=3
http://www.parkoz.com/?sub=3
http://www.parkoz.com/zboard/view.php?id=aving&no=47475
http://www.parkoz.com/zboard/view.php?id=contentsagent2&no=2595
http://www.parkoz.com/zboard/view.php?id=download&page=1&sn1=&divpage=13&sn=off&ss=on&sc=off&keyword=linx&select_arrange=headnum&desc=asc&no=41457
http://www.parkoz.com/zboard/view.php?id=download&page=1&sn1=&divpage=13&sn=off&ss=on&sc=off&keyword=linx&select_arrange=headnum&desc=asc&no=41458
http://www.parkoz.com/zboard/view.php?id=download&page=1&sn1=&divpage=13&sn=off&ss=on&sc=off&select_arrange=headnum&desc=asc&no=41523
http://www.parkoz.com/zboard/view.php?id=int_news&no=26088
http://www.parkoz.com/zboard/view.php?id=int_vganews&no=11582
http://www.parkoz.com/zboard/view.php?id=overclock_intel&page=1&sn1=&divpage=5&sn=off&ss=on&sc=off&keyword=3570&select_arrange=headnum&desc=asc&no=18745
http://www.parkoz.com/zboard/view.php?id=overclock_intel&page=1&sn1=&divpage=5&sn=off&ss=on&sc=off&keyword=3570&select_arrange=headnum&desc=asc&no=18838
http://www.parkoz.com/zboard/view.php?id=overclock_intel&page=2&sn1=&divpage=5&sn=off&ss=on&sc=off&keyword=3570&select_arrange=headnum&desc=asc&no=18606
http://www.parkoz.com/zboard/view.php?id=overclock_intel&page=2&sn1=&divpage=5&sn=off&ss=on&sc=off&keyword=3570&select_arrange=headnum&desc=asc&no=18607
http://www.parkoz.com/zboard/zboard.php?id=bios_setup
http://www.parkoz.com/zboard/zboard.php?id=bios_setup
http://www.parkoz.com/zboard/zboard.php?id=bios_setup&select_arrange=headnum&desc=asc&page_num=75&selected=&exec=&sn=off&ss=on&sc=off&category=0&keyword=3570&x=0&y=0
http://www.parkoz.com/zboard/zboard.php?id=download
http://www.parkoz.com/zboard/zboard.php?id=my_tips
http://www.parkoz.com/zboard/zboard.php?id=my_tips
http://www.parkoz.com/zboard/zboard.php?id=my_tips&select_arrange=headnum&desc=asc&page_num=50&selected=&exec=&sn=off&ss=on&sc=off&category=0&keyword=linx&x=0&y=0
http://www.parkoz.com/zboard/zboard.php?id=overclock_intel
http://www.podbbang.com/ch/8762
http://www.reddit.com/r/Python/comments/1ycqnc/problem_installing_numpy_on_windows_7/
http://www.regular-expressions.info/completelines.html
http://www.speakingmax.com/news/noticeView.php?noticeIdx=97&sVal=&page=6&gclid=CPyV953Z18QCFYqCvQodxo0Acg
http://www.techpowerup.com/realtemp
http://www.techpowerup.com/realtemp/
http://www.tistory.com/auth/login?redirectUrl=http%3A%2F%2Fmacnews.tistory.com%2Fadmin%2Fcenter%2F
http://www.tistory.com/login/?requestURI=http%3A%2F%2Fmacnews.tistory.com%2Fadmin%2Fcenter%2F
http://www.usj.co.jp/kr/
http://www.usj.co.jp/kr/harrypotter/
http://www.utorrent.com/
http://www.utorrent.com/intl/ko/
http://www.utorrent.com/intl/ko/downloads/complete/os/win/track/stable
http://www.videolan.org/vlc/download-windows.html
http://www.vmware.com/
http://www.vmware.com/kr
